<?xml version="1.0" encoding="UTF-8"?>
<testsuite xmlns:xsi="http://www.w3.org/2001/XMLSchema-instance" xsi:noNamespaceSchemaLocation="https://maven.apache.org/surefire/maven-surefire-plugin/xsd/surefire-test-report-3.0.xsd" version="3.0" name="TestSuite" time="7.375" tests="1" errors="0" skipped="0" failures="0">
  <properties>
    <property name="java.specification.version" value="19"/>
    <property name="sun.jnu.encoding" value="UTF-8"/>
    <property name="java.class.path" value="/home/sofi/java/Automation/target/test-classes:/home/sofi/java/Automation/target/classes:/home/sofi/.m2/repository/org/testng/testng/7.8.0/testng-7.8.0.jar:/home/sofi/.m2/repository/org/slf4j/slf4j-api/1.7.36/slf4j-api-1.7.36.jar:/home/sofi/.m2/repository/com/beust/jcommander/1.82/jcommander-1.82.jar:/home/sofi/.m2/repository/org/webjars/jquery/3.6.1/jquery-3.6.1.jar:/home/sofi/.m2/repository/org/example/TestProject/1.0-SNAPSHOT/TestProject-1.0-SNAPSHOT.jar:/home/sofi/.m2/repository/respo/reacher/0.3.0/reacher-0.3.0.jar:/home/sofi/.m2/repository/appliedscience/js-interop/0.1.20/js-interop-0.1.20.jar:/home/sofi/.m2/repository/org/clojure/clojure/1.10.0/clojure-1.10.0.jar:/home/sofi/.m2/repository/org/clojure/spec.alpha/0.2.176/spec.alpha-0.2.176.jar:/home/sofi/.m2/repository/org/clojure/core.specs.alpha/0.2.44/core.specs.alpha-0.2.44.jar:/home/sofi/.m2/repository/org/clojure/clojurescript/1.10.520/clojurescript-1.10.520.jar:/home/sofi/.m2/repository/com/google/javascript/closure-compiler-unshaded/v20180805/closure-compiler-unshaded-v20180805.jar:/home/sofi/.m2/repository/com/google/javascript/closure-compiler-externs/v20180805/closure-compiler-externs-v20180805.jar:/home/sofi/.m2/repository/args4j/args4j/2.0.26/args4j-2.0.26.jar:/home/sofi/.m2/repository/com/google/errorprone/error_prone_annotations/2.0.18/error_prone_annotations-2.0.18.jar:/home/sofi/.m2/repository/com/google/guava/guava/25.1-jre/guava-25.1-jre.jar:/home/sofi/.m2/repository/org/checkerframework/checker-qual/2.0.0/checker-qual-2.0.0.jar:/home/sofi/.m2/repository/com/google/j2objc/j2objc-annotations/1.1/j2objc-annotations-1.1.jar:/home/sofi/.m2/repository/org/codehaus/mojo/animal-sniffer-annotations/1.14/animal-sniffer-annotations-1.14.jar:/home/sofi/.m2/repository/com/google/protobuf/protobuf-java/3.0.2/protobuf-java-3.0.2.jar:/home/sofi/.m2/repository/com/google/code/gson/gson/2.7/gson-2.7.jar:/home/sofi/.m2/repository/com/google/code/findbugs/jsr305/3.0.1/jsr305-3.0.1.jar:/home/sofi/.m2/repository/com/google/jsinterop/jsinterop-annotations/1.0.0/jsinterop-annotations-1.0.0.jar:/home/sofi/.m2/repository/org/clojure/google-closure-library/0.0-20170809-b9c14c6b/google-closure-library-0.0-20170809-b9c14c6b.jar:/home/sofi/.m2/repository/org/clojure/google-closure-library-third-party/0.0-20170809-b9c14c6b/google-closure-library-third-party-0.0-20170809-b9c14c6b.jar:/home/sofi/.m2/repository/org/clojure/data.json/0.2.6/data.json-0.2.6.jar:/home/sofi/.m2/repository/org/mozilla/rhino/1.7R5/rhino-1.7R5.jar:/home/sofi/.m2/repository/org/clojure/tools.reader/1.3.0/tools.reader-1.3.0.jar:/home/sofi/.m2/repository/com/cognitect/transit-clj/0.8.309/transit-clj-0.8.309.jar:/home/sofi/.m2/repository/com/cognitect/transit-java/0.8.332/transit-java-0.8.332.jar:/home/sofi/.m2/repository/com/fasterxml/jackson/core/jackson-core/2.8.7/jackson-core-2.8.7.jar:/home/sofi/.m2/repository/org/msgpack/msgpack/0.6.12/msgpack-0.6.12.jar:/home/sofi/.m2/repository/com/googlecode/json-simple/json-simple/1.1.1/json-simple-1.1.1.jar:/home/sofi/.m2/repository/org/javassist/javassist/3.18.1-GA/javassist-3.18.1-GA.jar:/home/sofi/.m2/repository/commons-codec/commons-codec/1.10/commons-codec-1.10.jar:/home/sofi/.m2/repository/medley/medley/1.2.0/medley-1.2.0.jar:"/>
    <property name="java.vm.vendor" value="Oracle Corporation"/>
    <property name="sun.arch.data.model" value="64"/>
    <property name="java.vendor.url" value="https://java.oracle.com/"/>
    <property name="user.timezone" value="Asia/Yerevan"/>
    <property name="os.name" value="Linux"/>
    <property name="java.vm.specification.version" value="19"/>
    <property name="sun.java.launcher" value="SUN_STANDARD"/>
    <property name="user.country" value="US"/>
    <property name="sun.boot.library.path" value="/usr/lib/jvm/jdk-19/lib"/>
    <property name="sun.java.command" value="/home/sofi/java/Automation/target/surefire/surefirebooter-20230627185205573_3.jar /home/sofi/java/Automation/target/surefire 2023-06-27T18-52-04_784-jvmRun1 surefire-20230627185205573_1tmp surefire_0-20230627185205573_2tmp"/>
    <property name="jdk.debug" value="release"/>
    <property name="surefire.test.class.path" value="/home/sofi/java/Automation/target/test-classes:/home/sofi/java/Automation/target/classes:/home/sofi/.m2/repository/org/testng/testng/7.8.0/testng-7.8.0.jar:/home/sofi/.m2/repository/org/slf4j/slf4j-api/1.7.36/slf4j-api-1.7.36.jar:/home/sofi/.m2/repository/com/beust/jcommander/1.82/jcommander-1.82.jar:/home/sofi/.m2/repository/org/webjars/jquery/3.6.1/jquery-3.6.1.jar:/home/sofi/.m2/repository/org/example/TestProject/1.0-SNAPSHOT/TestProject-1.0-SNAPSHOT.jar:/home/sofi/.m2/repository/respo/reacher/0.3.0/reacher-0.3.0.jar:/home/sofi/.m2/repository/appliedscience/js-interop/0.1.20/js-interop-0.1.20.jar:/home/sofi/.m2/repository/org/clojure/clojure/1.10.0/clojure-1.10.0.jar:/home/sofi/.m2/repository/org/clojure/spec.alpha/0.2.176/spec.alpha-0.2.176.jar:/home/sofi/.m2/repository/org/clojure/core.specs.alpha/0.2.44/core.specs.alpha-0.2.44.jar:/home/sofi/.m2/repository/org/clojure/clojurescript/1.10.520/clojurescript-1.10.520.jar:/home/sofi/.m2/repository/com/google/javascript/closure-compiler-unshaded/v20180805/closure-compiler-unshaded-v20180805.jar:/home/sofi/.m2/repository/com/google/javascript/closure-compiler-externs/v20180805/closure-compiler-externs-v20180805.jar:/home/sofi/.m2/repository/args4j/args4j/2.0.26/args4j-2.0.26.jar:/home/sofi/.m2/repository/com/google/errorprone/error_prone_annotations/2.0.18/error_prone_annotations-2.0.18.jar:/home/sofi/.m2/repository/com/google/guava/guava/25.1-jre/guava-25.1-jre.jar:/home/sofi/.m2/repository/org/checkerframework/checker-qual/2.0.0/checker-qual-2.0.0.jar:/home/sofi/.m2/repository/com/google/j2objc/j2objc-annotations/1.1/j2objc-annotations-1.1.jar:/home/sofi/.m2/repository/org/codehaus/mojo/animal-sniffer-annotations/1.14/animal-sniffer-annotations-1.14.jar:/home/sofi/.m2/repository/com/google/protobuf/protobuf-java/3.0.2/protobuf-java-3.0.2.jar:/home/sofi/.m2/repository/com/google/code/gson/gson/2.7/gson-2.7.jar:/home/sofi/.m2/repository/com/google/code/findbugs/jsr305/3.0.1/jsr305-3.0.1.jar:/home/sofi/.m2/repository/com/google/jsinterop/jsinterop-annotations/1.0.0/jsinterop-annotations-1.0.0.jar:/home/sofi/.m2/repository/org/clojure/google-closure-library/0.0-20170809-b9c14c6b/google-closure-library-0.0-20170809-b9c14c6b.jar:/home/sofi/.m2/repository/org/clojure/google-closure-library-third-party/0.0-20170809-b9c14c6b/google-closure-library-third-party-0.0-20170809-b9c14c6b.jar:/home/sofi/.m2/repository/org/clojure/data.json/0.2.6/data.json-0.2.6.jar:/home/sofi/.m2/repository/org/mozilla/rhino/1.7R5/rhino-1.7R5.jar:/home/sofi/.m2/repository/org/clojure/tools.reader/1.3.0/tools.reader-1.3.0.jar:/home/sofi/.m2/repository/com/cognitect/transit-clj/0.8.309/transit-clj-0.8.309.jar:/home/sofi/.m2/repository/com/cognitect/transit-java/0.8.332/transit-java-0.8.332.jar:/home/sofi/.m2/repository/com/fasterxml/jackson/core/jackson-core/2.8.7/jackson-core-2.8.7.jar:/home/sofi/.m2/repository/org/msgpack/msgpack/0.6.12/msgpack-0.6.12.jar:/home/sofi/.m2/repository/com/googlecode/json-simple/json-simple/1.1.1/json-simple-1.1.1.jar:/home/sofi/.m2/repository/org/javassist/javassist/3.18.1-GA/javassist-3.18.1-GA.jar:/home/sofi/.m2/repository/commons-codec/commons-codec/1.10/commons-codec-1.10.jar:/home/sofi/.m2/repository/medley/medley/1.2.0/medley-1.2.0.jar:"/>
    <property name="sun.cpu.endian" value="little"/>
    <property name="user.home" value="/home/sofi"/>
    <property name="user.language" value="en"/>
    <property name="java.specification.vendor" value="Oracle Corporation"/>
    <property name="java.version.date" value="2022-10-18"/>
    <property name="java.home" value="/usr/lib/jvm/jdk-19"/>
    <property name="file.separator" value="/"/>
    <property name="basedir" value="/home/sofi/java/Automation"/>
    <property name="java.vm.compressedOopsMode" value="32-bit"/>
    <property name="line.separator" value="&#10;"/>
    <property name="java.specification.name" value="Java Platform API Specification"/>
    <property name="java.vm.specification.vendor" value="Oracle Corporation"/>
    <property name="surefire.real.class.path" value="/home/sofi/java/Automation/target/surefire/surefirebooter-20230627185205573_3.jar"/>
    <property name="sun.management.compiler" value="HotSpot 64-Bit Tiered Compilers"/>
    <property name="java.runtime.version" value="19.0.1+10-21"/>
    <property name="user.name" value="sofi"/>
    <property name="stdout.encoding" value="UTF-8"/>
    <property name="path.separator" value=":"/>
    <property name="os.version" value="5.19.0-45-generic"/>
    <property name="java.runtime.name" value="Java(TM) SE Runtime Environment"/>
    <property name="file.encoding" value="UTF-8"/>
    <property name="java.vm.name" value="Java HotSpot(TM) 64-Bit Server VM"/>
    <property name="localRepository" value="/home/sofi/.m2/repository"/>
    <property name="java.vendor.url.bug" value="https://bugreport.java.com/bugreport/"/>
    <property name="java.io.tmpdir" value="/tmp"/>
    <property name="idea.version" value="2022.3"/>
    <property name="java.version" value="19.0.1"/>
    <property name="user.dir" value="/home/sofi/java/Automation"/>
    <property name="os.arch" value="amd64"/>
    <property name="java.vm.specification.name" value="Java Virtual Machine Specification"/>
    <property name="native.encoding" value="UTF-8"/>
    <property name="java.library.path" value="/usr/java/packages/lib:/usr/lib64:/lib64:/lib:/usr/lib"/>
    <property name="java.vm.info" value="mixed mode, sharing"/>
    <property name="stderr.encoding" value="UTF-8"/>
    <property name="java.vendor" value="Oracle Corporation"/>
    <property name="java.vm.version" value="19.0.1+10-21"/>
    <property name="sun.io.unicode.encoding" value="UnicodeLittle"/>
    <property name="java.class.version" value="63.0"/>
  </properties>
  <testcase name="Check_a_IsEven" classname="MyFirstTest" time="0.019">
    <system-out><![CDATA[Inside beforeTest
Inside check_a_IsEven
]]></system-out>
    <system-err><![CDATA[SLF4J: Failed to load class "org.slf4j.impl.StaticLoggerBinder".
SLF4J: Defaulting to no-operation (NOP) logger implementation
SLF4J: See http://www.slf4j.org/codes.html#StaticLoggerBinder for further details.
]]></system-err>
  </testcase>
</testsuite>