<?xml version="1.0" encoding="UTF-8"?>
<!-- Generated by org.testng.reporters.JUnitReportReporter -->
<testsuite hostname="ubuntu" failures="0" tests="1" name="MyFirstTest" time="0.016" errors="0" timestamp="2023-06-27T18:52:15 AMT" skipped="0">
  <testcase classname="MyFirstTest" name="Check_a_IsEven" time="0.016"/>
</testsuite> <!-- MyFirstTest -->
